<testsuites id="" name="" tests="1" failures="1" skipped="0" errors="0" time="83.043392">
<testsuite name="announcement.spec.ts" timestamp="2025-02-12T06:16:01.251Z" hostname="Chromium" tests="1" failures="1" skipped="0" time="79.809" errors="0">
<testcase name="Announcement and Acknowledgment Tests › Create announcement as draft and then delete" classname="announcement.spec.ts" time="79.809">
<failure message="announcement.spec.ts:36:7 Create announcement as draft and then delete" type="FAILURE">
<![CDATA[  [Chromium] › announcement.spec.ts:36:7 › Announcement and Acknowledgment Tests › Create announcement as draft and then delete 

    Test timeout of 60000ms exceeded.

    Error: page.waitForTimeout: Test timeout of 60000ms exceeded.

       at ..\pages\announcementPage.ts:102

      100 |
      101 |   async deleteAnnouncement() {
    > 102 |     await this.page.waitForTimeout(5000);
          |                     ^
      103 |     await this.page.click(this.locators.updateEllipsis);
      104 |     await this.page.click(this.locators.deleteAnnouncementBtn);
      105 |     await this.page.click(this.locators.deleteConfirmBtn);
        at AnnouncementPage.deleteAnnouncement (C:\Users\mohammed.feroz\Desktop\Engage-automation\Keka-engage\pages\announcementPage.ts:102:21)
        at C:\Users\mohammed.feroz\Desktop\Engage-automation\Keka-engage\tests\announcement.spec.ts:38:28

    attachment #1: screenshot (image/png) ──────────────────────────────────────────────────────────
    test-results\announcement-Announcement--433fd-nt-as-draft-and-then-delete-Chromium\test-failed-1.png
    ────────────────────────────────────────────────────────────────────────────────────────────────

    attachment #2: trace (application/zip) ─────────────────────────────────────────────────────────
    test-results\announcement-Announcement--433fd-nt-as-draft-and-then-delete-Chromium\trace.zip
    Usage:

        npx playwright show-trace test-results\announcement-Announcement--433fd-nt-as-draft-and-then-delete-Chromium\trace.zip

    ────────────────────────────────────────────────────────────────────────────────────────────────

    Retry #1 ───────────────────────────────────────────────────────────────────────────────────────

    Error: Timed out 5000ms waiting for expect(locator).toHaveText(expected)

    Locator: locator('//*[@id="toast-container"]')
    Expected string: "Success!Announcement deleted successfully."
    Received string: "Success!!Announcement deleted successfully.Success!!Announcement saved successfully."
    Call log:
      - expect.toHaveText with timeout 5000ms
      - waiting for locator('//*[@id="toast-container"]')
        2 × locator resolved to <div id="toast-container" class="toast-top-right toast-container">…</div>
          - unexpected value "Success!!Announcement saved successfully."
        7 × locator resolved to <div id="toast-container" class="toast-top-right toast-container">…</div>
          - unexpected value "Success!!Announcement deleted successfully.Success!!Announcement saved successfully."


       at ..\pages\announcementPage.ts:77

      75 |     const toast = this.page.locator(this.locators.toastMessage);
      76 |     await expect(toast).toBeVisible();
    > 77 |     await expect(toast).toHaveText(expectedText);
         |                         ^
      78 |   }
      79 |
      80 |   async createBasicAnnouncement(title: string, description: string) {
        at AnnouncementPage.verifyToastMessage (C:\Users\mohammed.feroz\Desktop\Engage-automation\Keka-engage\pages\announcementPage.ts:77:25)
        at AnnouncementPage.deleteAnnouncement (C:\Users\mohammed.feroz\Desktop\Engage-automation\Keka-engage\pages\announcementPage.ts:106:5)
        at C:\Users\mohammed.feroz\Desktop\Engage-automation\Keka-engage\tests\announcement.spec.ts:38:5

    attachment #1: screenshot (image/png) ──────────────────────────────────────────────────────────
    test-results\announcement-Announcement--433fd-nt-as-draft-and-then-delete-Chromium-retry1\test-failed-1.png
    ────────────────────────────────────────────────────────────────────────────────────────────────

    attachment #2: trace (application/zip) ─────────────────────────────────────────────────────────
    test-results\announcement-Announcement--433fd-nt-as-draft-and-then-delete-Chromium-retry1\trace.zip
    Usage:

        npx playwright show-trace test-results\announcement-Announcement--433fd-nt-as-draft-and-then-delete-Chromium-retry1\trace.zip

    ────────────────────────────────────────────────────────────────────────────────────────────────
]]>
</failure>
<system-out>
<![CDATA[
[[ATTACHMENT|test-results\announcement-Announcement--433fd-nt-as-draft-and-then-delete-Chromium\test-failed-1.png]]

[[ATTACHMENT|test-results\announcement-Announcement--433fd-nt-as-draft-and-then-delete-Chromium\trace.zip]]

[[ATTACHMENT|test-results\announcement-Announcement--433fd-nt-as-draft-and-then-delete-Chromium-retry1\test-failed-1.png]]

[[ATTACHMENT|test-results\announcement-Announcement--433fd-nt-as-draft-and-then-delete-Chromium-retry1\trace.zip]]
]]>
</system-out>
</testcase>
</testsuite>
</testsuites>