<testsuites id="" name="" tests="8" failures="0" skipped="0" errors="0" time="65.383607">
<testsuite name="announcement.spec.ts" timestamp="2025-02-06T18:04:48.290Z" hostname="Chromium" tests="8" failures="0" skipped="0" time="64.159" errors="0">
<testcase name="Announcement and Acknowledgment Tests › Create and publish a basic announcement" classname="announcement.spec.ts" time="9.301">
</testcase>
<testcase name="Announcement and Acknowledgment Tests › Create and save announcement as draft" classname="announcement.spec.ts" time="6.841">
</testcase>
<testcase name="Announcement and Acknowledgment Tests › Update draft announcement and publish" classname="announcement.spec.ts" time="9.324">
</testcase>
<testcase name="Announcement and Acknowledgment Tests › Create announcement as draft and then delete" classname="announcement.spec.ts" time="8.013">
</testcase>
<testcase name="Announcement and Acknowledgment Tests › Create announcement without description and verify error message" classname="announcement.spec.ts" time="6.511">
</testcase>
<testcase name="Announcement and Acknowledgment Tests › Create announcement without title and verify error message" classname="announcement.spec.ts" time="6.051">
</testcase>
<testcase name="Announcement and Acknowledgment Tests › Create announcement with acknowledgment" classname="announcement.spec.ts" time="9.715">
</testcase>
<testcase name="Announcement and Acknowledgment Tests › Create announcement from wall for organization" classname="announcement.spec.ts" time="8.403">
</testcase>
</testsuite>
</testsuites>